<?xml version="1.0" encoding="UTF-8"?>
<testng-results skipped="0" failed="0" total="3" passed="3">
  <reporter-output>
  </reporter-output>
  <suite name="UnitTest" duration-ms="279" started-at="2017-07-25T20:23:10Z" finished-at="2017-07-25T20:23:10Z">
    <groups>
    </groups>
    <test name="unittest.UtilidadesTest" duration-ms="279" started-at="2017-07-25T20:23:10Z" finished-at="2017-07-25T20:23:10Z">
      <class name="unittest.UtilidadesTest">
        <test-method status="PASS" signature="testExtraerNumero()[pri:0, instance:testExtraerNumero(unittest.UtilidadesTest)]" name="testExtraerNumero" duration-ms="32" started-at="2017-07-25T14:23:10Z" finished-at="2017-07-25T14:23:10Z">
          <reporter-output>
          </reporter-output>
        </test-method> <!-- testExtraerNumero -->
        <test-method status="PASS" signature="testDivision()[pri:0, instance:testDivision(unittest.UtilidadesTest)]" name="testDivision" duration-ms="10" started-at="2017-07-25T14:23:10Z" finished-at="2017-07-25T14:23:10Z">
          <reporter-output>
          </reporter-output>
        </test-method> <!-- testDivision -->
        <test-method status="PASS" signature="testDivisionConCero()[pri:0, instance:testDivisionConCero(unittest.UtilidadesTest)]" name="testDivisionConCero" duration-ms="0" started-at="2017-07-25T14:23:10Z" finished-at="2017-07-25T14:23:10Z">
          <reporter-output>
          </reporter-output>
        </test-method> <!-- testDivisionConCero -->
      </class> <!-- unittest.UtilidadesTest -->
    </test> <!-- unittest.UtilidadesTest -->
  </suite> <!-- UnitTest -->
</testng-results>
